15.05.2020 16:13:50| библиотека Ё÷ѕ Avest (AvCryptMail.dll) уже загружена
15.05.2020 16:13:56| ѕроверка почты по таймингу
15.05.2020 16:13:56| Execute
15.05.2020 16:13:56| checkMail
15.05.2020 16:13:56| login
15.05.2020 16:13:56| +OK
15.05.2020 16:13:56| open baseProp  3
15.05.2020 16:13:56| result=1
15.05.2020 16:13:56| result=2
15.05.2020 16:13:56| result=3
15.05.2020 16:15:03| библиотека Ё÷ѕ Avest (AvCryptMail.dll) уже загружена
15.05.2020 16:15:13| ѕроверка почты по таймингу
15.05.2020 16:15:13| Execute
15.05.2020 16:15:13| checkMail
15.05.2020 16:15:15| 11004: Valid name, no data record of requested type
15.05.2020 16:19:49| библиотека Ё÷ѕ Avest (AvCryptMail.dll) уже загружена
15.05.2020 16:19:53| ѕроверка почты по таймингу
15.05.2020 16:19:53| Execute
15.05.2020 16:19:53| checkMail
15.05.2020 16:19:55| 11004: Valid name, no data record of requested type
15.05.2020 16:20:06| ѕроверка почты по таймингу
15.05.2020 16:20:06| Execute
15.05.2020 16:20:06| checkMail
15.05.2020 16:20:06| login
15.05.2020 16:20:06| +OK
15.05.2020 16:20:06| open baseProp  3
15.05.2020 16:20:06| result=0
15.05.2020 16:20:06| result=1
15.05.2020 16:20:06| result=2
15.05.2020 16:20:54| ѕроверка почты по таймингу
15.05.2020 16:20:54| Execute
15.05.2020 16:20:54| checkMail
15.05.2020 16:20:54| login
15.05.2020 16:20:54| +OK
15.05.2020 16:20:54| open baseProp  3
15.05.2020 16:20:54| result=1
15.05.2020 16:20:54| result=2
15.05.2020 16:20:54| result=3
15.05.2020 16:25:08| библиотека Ё÷ѕ Avest (AvCryptMail.dll) уже загружена
15.05.2020 16:25:12| ѕроверка почты по таймингу
15.05.2020 16:25:12| Execute
15.05.2020 16:30:36| библиотека Ё÷ѕ Avest (AvCryptMail.dll) уже загружена
15.05.2020 16:30:40| ѕроверка почты по таймингу
15.05.2020 16:30:40| Execute
15.05.2020 16:41:57| библиотека Ё÷ѕ Avest (AvCryptMail.dll) уже загружена
15.05.2020 16:42:01| >>>ѕроверка почты по таймингу
15.05.2020 16:42:01| >>>
15.05.2020 16:42:01| Execute
15.05.2020 16:42:13| >>>ѕроверка почты по таймингу
15.05.2020 16:42:13| >>>
15.05.2020 16:45:50| библиотека Ё÷ѕ Avest (AvCryptMail.dll) уже загружена
15.05.2020 16:45:54| >>>ѕроверка почты по таймингу
15.05.2020 16:45:54| >>>
15.05.2020 16:45:54| Execute
15.05.2020 16:46:55| библиотека Ё÷ѕ Avest (AvCryptMail.dll) уже загружена
15.05.2020 16:46:59| >>>ѕроверка почты по таймингу
15.05.2020 16:46:59| >>>
15.05.2020 16:56:13| библиотека Ё÷ѕ Avest (AvCryptMail.dll) уже загружена
15.05.2020 16:56:17| >>>ѕроверка почты по таймингу
15.05.2020 16:56:17| >>> 3
15.05.2020 16:59:29| библиотека Ё÷ѕ Avest (AvCryptMail.dll) уже загружена
15.05.2020 16:59:56| >>>ѕроверка почты по таймингу
15.05.2020 16:59:56| >>> 3
15.05.2020 17:00:26| >>>ѕроверка почты по таймингу
15.05.2020 17:00:26| >>> 3
15.05.2020 17:00:56| >>>ѕроверка почты по таймингу
15.05.2020 17:00:56| >>> 3
15.05.2020 17:01:26| >>>ѕроверка почты по таймингу
15.05.2020 17:01:26| >>> 3
15.05.2020 17:01:56| >>>ѕроверка почты по таймингу
15.05.2020 17:01:56| >>> 3
15.05.2020 17:02:26| >>>ѕроверка почты по таймингу
15.05.2020 17:02:26| >>> 3
15.05.2020 17:02:56| >>>ѕроверка почты по таймингу
15.05.2020 17:02:56| >>> 3
15.05.2020 17:03:26| >>>ѕроверка почты по таймингу
15.05.2020 17:03:26| >>> 3
15.05.2020 17:03:56| >>>ѕроверка почты по таймингу
15.05.2020 17:03:56| >>> 3
15.05.2020 17:04:26| >>>ѕроверка почты по таймингу
15.05.2020 17:04:26| >>> 3
15.05.2020 17:04:56| >>>ѕроверка почты по таймингу
15.05.2020 17:04:56| >>> 3
15.05.2020 17:05:26| >>>ѕроверка почты по таймингу
15.05.2020 17:05:26| >>> 3
15.05.2020 17:05:56| >>>ѕроверка почты по таймингу
15.05.2020 17:05:56| >>> 3
15.05.2020 17:06:26| >>>ѕроверка почты по таймингу
15.05.2020 17:06:26| >>> 3
15.05.2020 17:06:56| >>>ѕроверка почты по таймингу
15.05.2020 17:06:56| >>> 3
15.05.2020 17:07:26| >>>ѕроверка почты по таймингу
15.05.2020 17:07:26| >>> 3
15.05.2020 17:07:56| >>>ѕроверка почты по таймингу
15.05.2020 17:07:56| >>> 3
15.05.2020 17:08:26| >>>ѕроверка почты по таймингу
15.05.2020 17:08:26| >>> 3
15.05.2020 17:08:56| >>>ѕроверка почты по таймингу
15.05.2020 17:08:56| >>> 3
15.05.2020 17:09:26| >>>ѕроверка почты по таймингу
15.05.2020 17:09:26| >>> 3
15.05.2020 17:09:56| >>>ѕроверка почты по таймингу
15.05.2020 17:09:56| >>> 3
15.05.2020 17:10:26| >>>ѕроверка почты по таймингу
15.05.2020 17:10:26| >>> 3
15.05.2020 17:10:56| >>>ѕроверка почты по таймингу
15.05.2020 17:10:56| >>> 3
15.05.2020 17:11:26| >>>ѕроверка почты по таймингу
15.05.2020 17:11:26| >>> 3
15.05.2020 17:11:56| >>>ѕроверка почты по таймингу
15.05.2020 17:11:56| >>> 3
15.05.2020 17:12:26| >>>ѕроверка почты по таймингу
15.05.2020 17:12:26| >>> 3
15.05.2020 17:12:56| >>>ѕроверка почты по таймингу
15.05.2020 17:12:56| >>> 3
15.05.2020 18:00:32| библиотека Ё÷ѕ Avest (AvCryptMail.dll) уже загружена
18.05.2020 14:14:03| библиотека Ё÷ѕ Avest (AvCryptMail.dll) уже загружена
18.05.2020 14:30:36| библиотека Ё÷ѕ Avest (AvCryptMail.dll) уже загружена
18.05.2020 14:32:06| библиотека Ё÷ѕ Avest (AvCryptMail.dll) уже загружена
18.05.2020 14:35:47| библиотека Ё÷ѕ Avest (AvCryptMail.dll) уже загружена
18.05.2020 14:39:37| библиотека Ё÷ѕ Avest (AvCryptMail.dll) уже загружена
18.05.2020 14:43:22| библиотека Ё÷ѕ Avest (AvCryptMail.dll) уже загружена
18.05.2020 14:48:53| библиотека Ё÷ѕ Avest (AvCryptMail.dll) уже загружена
18.05.2020 14:50:00| библиотека Ё÷ѕ Avest (AvCryptMail.dll) уже загружена
18.05.2020 14:54:54| библиотека Ё÷ѕ Avest (AvCryptMail.dll) уже загружена
18.05.2020 14:56:06| библиотека Ё÷ѕ Avest (AvCryptMail.dll) уже загружена
18.05.2020 15:03:05| библиотека Ё÷ѕ Avest (AvCryptMail.dll) уже загружена
18.05.2020 16:04:45| библиотека Ё÷ѕ Avest (AvCryptMail.dll) уже загружена
18.05.2020 16:05:06| >>>ѕроверка почты по таймингу
18.05.2020 16:05:06| >>> 4
18.05.2020 16:05:36| >>>ѕроверка почты по таймингу
18.05.2020 16:05:36| >>> 4
18.05.2020 16:06:06| >>>ѕроверка почты по таймингу
18.05.2020 16:06:06| >>> 4
18.05.2020 16:06:36| >>>ѕроверка почты по таймингу
18.05.2020 16:06:36| >>> 4
18.05.2020 16:07:06| >>>ѕроверка почты по таймингу
18.05.2020 16:07:06| >>> 4
18.05.2020 16:07:36| >>>ѕроверка почты по таймингу
18.05.2020 16:07:36| >>> 4
18.05.2020 18:14:24| библиотека Ё÷ѕ Avest (AvCryptMail.dll) уже загружена
18.05.2020 18:14:24| >>>ѕроверка почты по таймингу
18.05.2020 18:14:24| >>> 3
18.05.2020 18:14:37| >>>ѕроверка почты по таймингу
18.05.2020 18:14:37| >>> 3
19.05.2020 10:42:56| загрузка AvCryptMail.dll
19.05.2020 10:42:56| C:\Program Files (x86)\Avest\AvPCM_nces\AvCryptMail.dll, верси€="4.4.0.0"
19.05.2020 10:50:37| загрузка AvCryptMail.dll
19.05.2020 10:50:37| C:\Program Files (x86)\Avest\AvPCM_nces\AvCryptMail.dll, верси€="4.4.0.0"
19.05.2020 10:57:18| загрузка AvCryptMail.dll
19.05.2020 10:57:18| C:\Program Files (x86)\Avest\AvPCM_nces\AvCryptMail.dll, верси€="4.4.0.0"
19.05.2020 11:01:04| загрузка AvCryptMail.dll
19.05.2020 11:01:04| C:\Program Files (x86)\Avest\AvPCM_nces\AvCryptMail.dll, верси€="4.4.0.0"
19.05.2020 11:01:56| загрузка AvCryptMail.dll
19.05.2020 11:01:56| C:\Program Files (x86)\Avest\AvPCM_nces\AvCryptMail.dll, верси€="4.4.0.0"
19.05.2020 11:02:34| загрузка AvCryptMail.dll
19.05.2020 11:02:34| C:\Program Files (x86)\Avest\AvPCM_nces\AvCryptMail.dll, верси€="4.4.0.0"
19.05.2020 11:02:56| библиотека Ё÷ѕ Avest (AvCryptMail.dll) уже загружена
19.05.2020 15:49:46| библиотека Ё÷ѕ Avest (AvCryptMail.dll) уже загружена
19.05.2020 16:07:37| библиотека Ё÷ѕ Avest (AvCryptMail.dll) уже загружена
19.05.2020 16:08:04| библиотека Ё÷ѕ Avest (AvCryptMail.dll) уже загружена
19.05.2020 16:10:19| библиотека Ё÷ѕ Avest (AvCryptMail.dll) уже загружена
19.05.2020 16:24:55| библиотека Ё÷ѕ Avest (AvCryptMail.dll) уже загружена
19.05.2020 16:36:18| библиотека Ё÷ѕ Avest (AvCryptMail.dll) уже загружена
19.05.2020 16:43:39| библиотека Ё÷ѕ Avest (AvCryptMail.dll) уже загружена
19.05.2020 16:52:21| библиотека Ё÷ѕ Avest (AvCryptMail.dll) уже загружена
19.05.2020 16:58:03| библиотека Ё÷ѕ Avest (AvCryptMail.dll) уже загружена
19.05.2020 17:02:50| библиотека Ё÷ѕ Avest (AvCryptMail.dll) уже загружена
19.05.2020 17:04:22| библиотека Ё÷ѕ Avest (AvCryptMail.dll) уже загружена
19.05.2020 17:06:29| библиотека Ё÷ѕ Avest (AvCryptMail.dll) уже загружена
19.05.2020 17:10:26| библиотека Ё÷ѕ Avest (AvCryptMail.dll) уже загружена
19.05.2020 17:30:05| библиотека Ё÷ѕ Avest (AvCryptMail.dll) уже загружена
19.05.2020 17:32:03| библиотека Ё÷ѕ Avest (AvCryptMail.dll) уже загружена
19.05.2020 17:34:40| библиотека Ё÷ѕ Avest (AvCryptMail.dll) уже загружена
19.05.2020 17:37:36| библиотека Ё÷ѕ Avest (AvCryptMail.dll) уже загружена
19.05.2020 17:38:35| библиотека Ё÷ѕ Avest (AvCryptMail.dll) уже загружена
20.05.2020 12:01:26| библиотека Ё÷ѕ Avest (AvCryptMail.dll) уже загружена
20.05.2020 12:19:59| библиотека Ё÷ѕ Avest (AvCryptMail.dll) уже загружена
20.05.2020 14:36:15| библиотека Ё÷ѕ Avest (AvCryptMail.dll) уже загружена
20.05.2020 14:53:06| библиотека Ё÷ѕ Avest (AvCryptMail.dll) уже загружена
20.05.2020 15:18:25| библиотека Ё÷ѕ Avest (AvCryptMail.dll) уже загружена
20.05.2020 16:40:13| библиотека Ё÷ѕ Avest (AvCryptMail.dll) уже загружена
20.05.2020 16:55:47| библиотека Ё÷ѕ Avest (AvCryptMail.dll) уже загружена
20.05.2020 16:57:40| библиотека Ё÷ѕ Avest (AvCryptMail.dll) уже загружена
20.05.2020 17:01:54| библиотека Ё÷ѕ Avest (AvCryptMail.dll) уже загружена
20.05.2020 17:10:00| библиотека Ё÷ѕ Avest (AvCryptMail.dll) уже загружена
20.05.2020 18:16:40| библиотека Ё÷ѕ Avest (AvCryptMail.dll) уже загружена
20.05.2020 18:20:54| библиотека Ё÷ѕ Avest (AvCryptMail.dll) уже загружена
20.05.2020 18:25:44| библиотека Ё÷ѕ Avest (AvCryptMail.dll) уже загружена
20.05.2020 18:36:31| библиотека Ё÷ѕ Avest (AvCryptMail.dll) уже загружена
21.05.2020 09:47:20| библиотека Ё÷ѕ Avest (AvCryptMail.dll) уже загружена
21.05.2020 09:49:03| [SPR_SMDO]:—правочник организаций успешно загружен , јктуальна€ дата: 21.05.2020, ѕоследнее изменение: 20.05.2020
21.05.2020 09:55:48| библиотека Ё÷ѕ Avest (AvCryptMail.dll) уже загружена
27.05.2020 18:08:11| библиотека Ё÷ѕ Avest (AvCryptMail.dll) уже загружена
28.05.2020 13:46:11| библиотека Ё÷ѕ Avest (AvCryptMail.dll) уже загружена
28.05.2020 14:01:03| библиотека Ё÷ѕ Avest (AvCryptMail.dll) уже загружена
28.05.2020 14:13:20| библиотека Ё÷ѕ Avest (AvCryptMail.dll) уже загружена
29.05.2020 09:15:21| библиотека Ё÷ѕ Avest (AvCryptMail.dll) уже загружена
29.05.2020 09:20:10| [SPR_SMDO]:—правочник организаций успешно загружен , јктуальна€ дата: 28.05.2020, ѕоследнее изменение: 27.05.2020
29.05.2020 10:09:18| библиотека Ё÷ѕ Avest (AvCryptMail.dll) уже загружена
29.05.2020 10:21:43| библиотека Ё÷ѕ Avest (AvCryptMail.dll) уже загружена
29.05.2020 11:03:07| библиотека Ё÷ѕ Avest (AvCryptMail.dll) уже загружена
29.05.2020 12:14:42| библиотека Ё÷ѕ Avest (AvCryptMail.dll) уже загружена
29.05.2020 16:49:34| библиотека Ё÷ѕ Avest (AvCryptMail.dll) уже загружена
23.06.2020 16:07:05| библиотека Ё÷ѕ Avest (AvCryptMail.dll) уже загружена
23.06.2020 17:04:15| библиотека Ё÷ѕ Avest (AvCryptMail.dll) уже загружена
23.06.2020 17:06:06| библиотека Ё÷ѕ Avest (AvCryptMail.dll) уже загружена
23.06.2020 17:07:43| библиотека Ё÷ѕ Avest (AvCryptMail.dll) уже загружена
23.06.2020 17:08:22| библиотека Ё÷ѕ Avest (AvCryptMail.dll) уже загружена
23.06.2020 17:09:28| библиотека Ё÷ѕ Avest (AvCryptMail.dll) уже загружена
23.06.2020 17:10:37| библиотека Ё÷ѕ Avest (AvCryptMail.dll) уже загружена
23.06.2020 17:11:14| [SPR_SMDO]:—правочник организаций успешно загружен , јктуальна€ дата: 04.06.2020, ѕоследнее изменение: 03.06.2020
23.06.2020 17:14:21| библиотека Ё÷ѕ Avest (AvCryptMail.dll) уже загружена
23.06.2020 17:14:53| библиотека Ё÷ѕ Avest (AvCryptMail.dll) уже загружена
23.06.2020 17:18:27| библиотека Ё÷ѕ Avest (AvCryptMail.dll) уже загружена
23.06.2020 17:26:57| библиотека Ё÷ѕ Avest (AvCryptMail.dll) уже загружена
23.06.2020 18:45:10| библиотека Ё÷ѕ Avest (AvCryptMail.dll) уже загружена
23.06.2020 19:23:02| библиотека Ё÷ѕ Avest (AvCryptMail.dll) уже загружена
23.06.2020 19:23:26| библиотека Ё÷ѕ Avest (AvCryptMail.dll) уже загружена
23.06.2020 19:30:40| библиотека Ё÷ѕ Avest (AvCryptMail.dll) уже загружена
23.06.2020 19:38:23| библиотека Ё÷ѕ Avest (AvCryptMail.dll) уже загружена
23.06.2020 19:40:55| библиотека Ё÷ѕ Avest (AvCryptMail.dll) уже загружена
24.06.2020 11:57:33| библиотека Ё÷ѕ Avest (AvCryptMail.dll) уже загружена
24.06.2020 12:02:33| библиотека Ё÷ѕ Avest (AvCryptMail.dll) уже загружена
24.06.2020 13:56:50| библиотека Ё÷ѕ Avest (AvCryptMail.dll) уже загружена
25.06.2020 10:40:01| библиотека Ё÷ѕ Avest (AvCryptMail.dll) уже загружена
25.06.2020 10:43:11| библиотека Ё÷ѕ Avest (AvCryptMail.dll) уже загружена
25.06.2020 11:11:35| библиотека Ё÷ѕ Avest (AvCryptMail.dll) уже загружена
01.07.2020 11:04:36| библиотека Ё÷ѕ Avest (AvCryptMail.dll) уже загружена
01.07.2020 11:05:40| [SPR_SMDO]:—правочник организаций успешно загружен , јктуальна€ дата: 29.06.2020, ѕоследнее изменение: 26.06.2020
01.07.2020 13:38:52| библиотека Ё÷ѕ Avest (AvCryptMail.dll) уже загружена
01.07.2020 14:14:39| библиотека Ё÷ѕ Avest (AvCryptMail.dll) уже загружена
01.07.2020 14:29:23| библиотека Ё÷ѕ Avest (AvCryptMail.dll) уже загружена
01.07.2020 14:40:19| библиотека Ё÷ѕ Avest (AvCryptMail.dll) уже загружена
01.07.2020 15:18:13| библиотека Ё÷ѕ Avest (AvCryptMail.dll) уже загружена
01.07.2020 15:29:45| библиотека Ё÷ѕ Avest (AvCryptMail.dll) уже загружена
01.07.2020 15:31:51| библиотека Ё÷ѕ Avest (AvCryptMail.dll) уже загружена
01.07.2020 15:32:50| библиотека Ё÷ѕ Avest (AvCryptMail.dll) уже загружена
01.07.2020 15:46:24| библиотека Ё÷ѕ Avest (AvCryptMail.dll) уже загружена
01.07.2020 16:07:57| библиотека Ё÷ѕ Avest (AvCryptMail.dll) уже загружена
01.07.2020 16:13:51| библиотека Ё÷ѕ Avest (AvCryptMail.dll) уже загружена
01.07.2020 16:24:13| библиотека Ё÷ѕ Avest (AvCryptMail.dll) уже загружена
01.07.2020 16:24:44| библиотека Ё÷ѕ Avest (AvCryptMail.dll) уже загружена
01.07.2020 17:21:37| библиотека Ё÷ѕ Avest (AvCryptMail.dll) уже загружена
01.07.2020 17:34:38| библиотека Ё÷ѕ Avest (AvCryptMail.dll) уже загружена
02.07.2020 11:49:14| библиотека Ё÷ѕ Avest (AvCryptMail.dll) уже загружена
02.07.2020 15:08:51| библиотека Ё÷ѕ Avest (AvCryptMail.dll) уже загружена
02.07.2020 15:25:38| библиотека Ё÷ѕ Avest (AvCryptMail.dll) уже загружена
02.07.2020 15:29:07| библиотека Ё÷ѕ Avest (AvCryptMail.dll) уже загружена
06.07.2020 16:06:40| библиотека Ё÷ѕ Avest (AvCryptMail.dll) уже загружена
06.07.2020 16:19:08| библиотека Ё÷ѕ Avest (AvCryptMail.dll) уже загружена
06.07.2020 17:11:50| библиотека Ё÷ѕ Avest (AvCryptMail.dll) уже загружена
06.07.2020 17:19:43| библиотека Ё÷ѕ Avest (AvCryptMail.dll) уже загружена
06.07.2020 17:22:47| библиотека Ё÷ѕ Avest (AvCryptMail.dll) уже загружена
06.07.2020 17:29:12| библиотека Ё÷ѕ Avest (AvCryptMail.dll) уже загружена
07.07.2020 10:03:44| библиотека Ё÷ѕ Avest (AvCryptMail.dll) уже загружена
07.07.2020 10:35:21| библиотека Ё÷ѕ Avest (AvCryptMail.dll) уже загружена
07.07.2020 10:53:19| библиотека Ё÷ѕ Avest (AvCryptMail.dll) уже загружена
07.07.2020 11:06:35| библиотека Ё÷ѕ Avest (AvCryptMail.dll) уже загружена
07.07.2020 11:47:33| библиотека Ё÷ѕ Avest (AvCryptMail.dll) уже загружена
07.07.2020 17:46:26| библиотека Ё÷ѕ Avest (AvCryptMail.dll) уже загружена
07.07.2020 17:54:21| библиотека Ё÷ѕ Avest (AvCryptMail.dll) уже загружена
08.07.2020 10:47:55| библиотека Ё÷ѕ Avest (AvCryptMail.dll) уже загружена
08.07.2020 10:51:33| [SPR_SMDO]:—правочник организаций успешно загружен , јктуальна€ дата: 08.07.2020, ѕоследнее изменение: 06.07.2020
08.07.2020 14:50:56| библиотека Ё÷ѕ Avest (AvCryptMail.dll) уже загружена
08.07.2020 15:32:54| библиотека Ё÷ѕ Avest (AvCryptMail.dll) уже загружена
08.07.2020 16:08:01| библиотека Ё÷ѕ Avest (AvCryptMail.dll) уже загружена
08.07.2020 16:09:28| библиотека Ё÷ѕ Avest (AvCryptMail.dll) уже загружена
08.07.2020 16:11:07| библиотека Ё÷ѕ Avest (AvCryptMail.dll) уже загружена
08.07.2020 16:32:43| библиотека Ё÷ѕ Avest (AvCryptMail.dll) уже загружена
08.07.2020 16:47:40| библиотека Ё÷ѕ Avest (AvCryptMail.dll) уже загружена
08.07.2020 16:59:24| библиотека Ё÷ѕ Avest (AvCryptMail.dll) уже загружена
08.07.2020 17:13:06| библиотека Ё÷ѕ Avest (AvCryptMail.dll) уже загружена
08.07.2020 17:16:26| библиотека Ё÷ѕ Avest (AvCryptMail.dll) уже загружена
08.07.2020 17:26:28| библиотека Ё÷ѕ Avest (AvCryptMail.dll) уже загружена
08.07.2020 17:29:56| библиотека Ё÷ѕ Avest (AvCryptMail.dll) уже загружена
09.07.2020 09:45:39| библиотека Ё÷ѕ Avest (AvCryptMail.dll) уже загружена
09.07.2020 09:56:17| библиотека Ё÷ѕ Avest (AvCryptMail.dll) уже загружена
09.07.2020 09:56:48| библиотека Ё÷ѕ Avest (AvCryptMail.dll) уже загружена
09.07.2020 09:57:31| загрузка AvCryptMail.dll
09.07.2020 09:57:31| C:\Program Files (x86)\Avest\AvPCM_nces\AvCryptMail.dll, верси€="4.4.0.0"
09.07.2020 09:59:28| загрузка AvCryptMail.dll
09.07.2020 09:59:28| C:\Program Files (x86)\Avest\AvPCM_nces\AvCryptMail.dll, верси€="4.4.0.0"
09.07.2020 11:35:06| загрузка AvCryptMail.dll
09.07.2020 11:35:06| C:\Program Files (x86)\Avest\AvPCM_nces\AvCryptMail.dll, верси€="4.4.0.0"
09.07.2020 11:36:52| библиотека Ё÷ѕ Avest (AvCryptMail.dll) уже загружена
09.07.2020 14:01:29| библиотека Ё÷ѕ Avest (AvCryptMail.dll) уже загружена
09.07.2020 14:12:24| библиотека Ё÷ѕ Avest (AvCryptMail.dll) уже загружена
09.07.2020 14:24:40| библиотека Ё÷ѕ Avest (AvCryptMail.dll) уже загружена
09.07.2020 14:32:14| библиотека Ё÷ѕ Avest (AvCryptMail.dll) уже загружена
09.07.2020 14:36:24| библиотека Ё÷ѕ Avest (AvCryptMail.dll) уже загружена
09.07.2020 14:51:11| библиотека Ё÷ѕ Avest (AvCryptMail.dll) уже загружена
09.07.2020 16:07:48| библиотека Ё÷ѕ Avest (AvCryptMail.dll) уже загружена
10.07.2020 10:53:13| библиотека Ё÷ѕ Avest (AvCryptMail.dll) уже загружена
10.07.2020 11:41:40| библиотека Ё÷ѕ Avest (AvCryptMail.dll) уже загружена
10.07.2020 15:50:45| библиотека Ё÷ѕ Avest (AvCryptMail.dll) уже загружена
13.07.2020 10:34:12| библиотека Ё÷ѕ Avest (AvCryptMail.dll) уже загружена
13.07.2020 10:49:49| библиотека Ё÷ѕ Avest (AvCryptMail.dll) уже загружена
13.07.2020 16:32:31| библиотека Ё÷ѕ Avest (AvCryptMail.dll) уже загружена
13.07.2020 17:26:49| библиотека Ё÷ѕ Avest (AvCryptMail.dll) уже загружена
13.07.2020 17:30:19| библиотека Ё÷ѕ Avest (AvCryptMail.dll) уже загружена
13.07.2020 17:32:15| библиотека Ё÷ѕ Avest (AvCryptMail.dll) уже загружена
14.07.2020 10:08:08| библиотека Ё÷ѕ Avest (AvCryptMail.dll) уже загружена
14.07.2020 16:09:49| библиотека Ё÷ѕ Avest (AvCryptMail.dll) уже загружена
14.07.2020 16:15:47| библиотека Ё÷ѕ Avest (AvCryptMail.dll) уже загружена
14.07.2020 16:31:11| библиотека Ё÷ѕ Avest (AvCryptMail.dll) уже загружена
15.07.2020 15:27:26| библиотека Ё÷ѕ Avest (AvCryptMail.dll) уже загружена
17.07.2020 11:49:44| библиотека Ё÷ѕ Avest (AvCryptMail.dll) уже загружена
17.07.2020 11:50:45| [SPR_SMDO]:—правочник организаций успешно загружен , јктуальна€ дата: 15.07.2020, ѕоследнее изменение: 13.07.2020
17.07.2020 11:53:06| библиотека Ё÷ѕ Avest (AvCryptMail.dll) уже загружена
17.07.2020 12:41:13| библиотека Ё÷ѕ Avest (AvCryptMail.dll) уже загружена
17.07.2020 12:45:25| библиотека Ё÷ѕ Avest (AvCryptMail.dll) уже загружена
17.07.2020 14:40:54| библиотека Ё÷ѕ Avest (AvCryptMail.dll) уже загружена
17.07.2020 14:55:37| библиотека Ё÷ѕ Avest (AvCryptMail.dll) уже загружена
17.07.2020 16:42:27| библиотека Ё÷ѕ Avest (AvCryptMail.dll) уже загружена
17.07.2020 16:56:16| библиотека Ё÷ѕ Avest (AvCryptMail.dll) уже загружена
17.07.2020 17:07:56| библиотека Ё÷ѕ Avest (AvCryptMail.dll) уже загружена
17.07.2020 17:11:32| библиотека Ё÷ѕ Avest (AvCryptMail.dll) уже загружена
17.07.2020 17:30:03| библиотека Ё÷ѕ Avest (AvCryptMail.dll) уже загружена
17.07.2020 17:32:11| библиотека Ё÷ѕ Avest (AvCryptMail.dll) уже загружена
17.07.2020 17:33:37| библиотека Ё÷ѕ Avest (AvCryptMail.dll) уже загружена
17.07.2020 17:35:26| библиотека Ё÷ѕ Avest (AvCryptMail.dll) уже загружена
20.07.2020 12:34:30| библиотека Ё÷ѕ Avest (AvCryptMail.dll) уже загружена
20.07.2020 14:31:58| библиотека Ё÷ѕ Avest (AvCryptMail.dll) уже загружена
20.07.2020 14:32:46| библиотека Ё÷ѕ Avest (AvCryptMail.dll) уже загружена
20.07.2020 14:38:01| библиотека Ё÷ѕ Avest (AvCryptMail.dll) уже загружена
20.07.2020 14:40:31| библиотека Ё÷ѕ Avest (AvCryptMail.dll) уже загружена
21.07.2020 11:25:37| библиотека Ё÷ѕ Avest (AvCryptMail.dll) уже загружена
21.07.2020 11:26:45| [SPR_SMDO]:—правочник организаций успешно загружен , јктуальна€ дата: 21.07.2020, ѕоследнее изменение: 20.07.2020
21.07.2020 14:20:11| библиотека Ё÷ѕ Avest (AvCryptMail.dll) уже загружена
21.07.2020 14:44:46| библиотека Ё÷ѕ Avest (AvCryptMail.dll) уже загружена
21.07.2020 14:46:09| библиотека Ё÷ѕ Avest (AvCryptMail.dll) уже загружена
21.07.2020 16:32:10| библиотека Ё÷ѕ Avest (AvCryptMail.dll) уже загружена
21.07.2020 16:37:25| библиотека Ё÷ѕ Avest (AvCryptMail.dll) уже загружена
21.07.2020 16:40:02| библиотека Ё÷ѕ Avest (AvCryptMail.dll) уже загружена
21.07.2020 16:42:22| библиотека Ё÷ѕ Avest (AvCryptMail.dll) уже загружена
21.07.2020 16:44:05| библиотека Ё÷ѕ Avest (AvCryptMail.dll) уже загружена
21.07.2020 16:46:25| библиотека Ё÷ѕ Avest (AvCryptMail.dll) уже загружена
21.07.2020 16:48:09| библиотека Ё÷ѕ Avest (AvCryptMail.dll) уже загружена
21.07.2020 16:56:03| библиотека Ё÷ѕ Avest (AvCryptMail.dll) уже загружена
21.07.2020 17:28:20| библиотека Ё÷ѕ Avest (AvCryptMail.dll) уже загружена
22.07.2020 16:29:57| библиотека Ё÷ѕ Avest (AvCryptMail.dll) уже загружена
22.07.2020 16:32:36| библиотека Ё÷ѕ Avest (AvCryptMail.dll) уже загружена
23.07.2020 11:09:06| библиотека Ё÷ѕ Avest (AvCryptMail.dll) уже загружена
23.07.2020 12:28:52| библиотека Ё÷ѕ Avest (AvCryptMail.dll) уже загружена
23.07.2020 12:32:08| библиотека Ё÷ѕ Avest (AvCryptMail.dll) уже загружена
23.07.2020 15:11:33| библиотека Ё÷ѕ Avest (AvCryptMail.dll) уже загружена
23.07.2020 15:18:32| библиотека Ё÷ѕ Avest (AvCryptMail.dll) уже загружена
23.07.2020 15:23:01| библиотека Ё÷ѕ Avest (AvCryptMail.dll) уже загружена
23.07.2020 16:14:55| библиотека Ё÷ѕ Avest (AvCryptMail.dll) уже загружена
23.07.2020 16:31:44| библиотека Ё÷ѕ Avest (AvCryptMail.dll) уже загружена
23.07.2020 16:33:11| библиотека Ё÷ѕ Avest (AvCryptMail.dll) уже загружена
23.07.2020 16:35:57| библиотека Ё÷ѕ Avest (AvCryptMail.dll) уже загружена
23.07.2020 16:40:20| библиотека Ё÷ѕ Avest (AvCryptMail.dll) уже загружена
23.07.2020 17:15:40| библиотека Ё÷ѕ Avest (AvCryptMail.dll) уже загружена
23.07.2020 17:17:52| библиотека Ё÷ѕ Avest (AvCryptMail.dll) уже загружена
23.07.2020 17:19:53| библиотека Ё÷ѕ Avest (AvCryptMail.dll) уже загружена
23.07.2020 18:08:30| библиотека Ё÷ѕ Avest (AvCryptMail.dll) уже загружена
24.07.2020 09:27:26| библиотека Ё÷ѕ Avest (AvCryptMail.dll) уже загружена
27.07.2020 11:20:18| библиотека Ё÷ѕ Avest (AvCryptMail.dll) уже загружена
27.07.2020 11:22:14| библиотека Ё÷ѕ Avest (AvCryptMail.dll) уже загружена
27.07.2020 11:26:02| библиотека Ё÷ѕ Avest (AvCryptMail.dll) уже загружена
27.07.2020 11:27:58| библиотека Ё÷ѕ Avest (AvCryptMail.dll) уже загружена
27.07.2020 12:01:33| библиотека Ё÷ѕ Avest (AvCryptMail.dll) уже загружена
27.07.2020 12:07:07| библиотека Ё÷ѕ Avest (AvCryptMail.dll) уже загружена
27.07.2020 16:16:33| библиотека Ё÷ѕ Avest (AvCryptMail.dll) уже загружена
27.07.2020 16:30:35| библиотека Ё÷ѕ Avest (AvCryptMail.dll) уже загружена
27.07.2020 16:32:16| библиотека Ё÷ѕ Avest (AvCryptMail.dll) уже загружена
27.07.2020 16:36:21| библиотека Ё÷ѕ Avest (AvCryptMail.dll) уже загружена
27.07.2020 16:38:43| библиотека Ё÷ѕ Avest (AvCryptMail.dll) уже загружена
27.07.2020 17:26:57| библиотека Ё÷ѕ Avest (AvCryptMail.dll) уже загружена
27.07.2020 18:07:12| библиотека Ё÷ѕ Avest (AvCryptMail.dll) уже загружена
27.07.2020 18:37:14| библиотека Ё÷ѕ Avest (AvCryptMail.dll) уже загружена
27.07.2020 18:39:27| библиотека Ё÷ѕ Avest (AvCryptMail.dll) уже загружена
28.07.2020 15:19:46| библиотека Ё÷ѕ Avest (AvCryptMail.dll) уже загружена
28.07.2020 16:32:00| библиотека Ё÷ѕ Avest (AvCryptMail.dll) уже загружена
28.07.2020 17:35:01| библиотека Ё÷ѕ Avest (AvCryptMail.dll) уже загружена
28.07.2020 17:43:10| библиотека Ё÷ѕ Avest (AvCryptMail.dll) уже загружена
29.07.2020 09:28:12| библиотека Ё÷ѕ Avest (AvCryptMail.dll) уже загружена
29.07.2020 09:30:58| библиотека Ё÷ѕ Avest (AvCryptMail.dll) уже загружена
29.07.2020 09:32:24| библиотека Ё÷ѕ Avest (AvCryptMail.dll) уже загружена
29.07.2020 09:33:04| [SPR_SMDO]:—правочник организаций успешно загружен , јктуальна€ дата: 21.07.2020, ѕоследнее изменение: 20.07.2020
29.07.2020 14:34:23| библиотека Ё÷ѕ Avest (AvCryptMail.dll) уже загружена
29.07.2020 17:36:40| библиотека Ё÷ѕ Avest (AvCryptMail.dll) уже загружена
29.07.2020 17:55:47| библиотека Ё÷ѕ Avest (AvCryptMail.dll) уже загружена
29.07.2020 18:04:34| библиотека Ё÷ѕ Avest (AvCryptMail.dll) уже загружена
29.07.2020 18:06:37| библиотека Ё÷ѕ Avest (AvCryptMail.dll) уже загружена
29.07.2020 18:09:23| библиотека Ё÷ѕ Avest (AvCryptMail.dll) уже загружена
29.07.2020 18:11:38| библиотека Ё÷ѕ Avest (AvCryptMail.dll) уже загружена
29.07.2020 18:15:19| библиотека Ё÷ѕ Avest (AvCryptMail.dll) уже загружена
29.07.2020 18:23:04| библиотека Ё÷ѕ Avest (AvCryptMail.dll) уже загружена
30.07.2020 10:09:41| библиотека Ё÷ѕ Avest (AvCryptMail.dll) уже загружена
30.07.2020 10:12:34| библиотека Ё÷ѕ Avest (AvCryptMail.dll) уже загружена
30.07.2020 10:16:07| библиотека Ё÷ѕ Avest (AvCryptMail.dll) уже загружена
30.07.2020 10:18:40| библиотека Ё÷ѕ Avest (AvCryptMail.dll) уже загружена
30.07.2020 10:31:17| библиотека Ё÷ѕ Avest (AvCryptMail.dll) уже загружена
30.07.2020 10:39:09| библиотека Ё÷ѕ Avest (AvCryptMail.dll) уже загружена
03.08.2020 10:56:34| библиотека Ё÷ѕ Avest (AvCryptMail.dll) уже загружена
03.08.2020 11:00:16| библиотека Ё÷ѕ Avest (AvCryptMail.dll) уже загружена
03.08.2020 15:45:53| библиотека Ё÷ѕ Avest (AvCryptMail.dll) уже загружена
04.08.2020 15:43:23| библиотека Ё÷ѕ Avest (AvCryptMail.dll) уже загружена
04.08.2020 15:48:59| библиотека Ё÷ѕ Avest (AvCryptMail.dll) уже загружена
04.08.2020 15:57:13| библиотека Ё÷ѕ Avest (AvCryptMail.dll) уже загружена
05.08.2020 11:06:14| библиотека Ё÷ѕ Avest (AvCryptMail.dll) уже загружена
05.08.2020 11:07:19| [SPR_SMDO]:—правочник организаций успешно загружен , јктуальна€ дата: 05.08.2020, ѕоследнее изменение: 03.08.2020
05.08.2020 11:10:12| библиотека Ё÷ѕ Avest (AvCryptMail.dll) уже загружена
05.08.2020 11:17:30| библиотека Ё÷ѕ Avest (AvCryptMail.dll) уже загружена
05.08.2020 11:26:23| библиотека Ё÷ѕ Avest (AvCryptMail.dll) уже загружена
05.08.2020 11:34:46| библиотека Ё÷ѕ Avest (AvCryptMail.dll) уже загружена
05.08.2020 11:37:05| библиотека Ё÷ѕ Avest (AvCryptMail.dll) уже загружена
05.08.2020 12:06:26| библиотека Ё÷ѕ Avest (AvCryptMail.dll) уже загружена
05.08.2020 12:08:24| библиотека Ё÷ѕ Avest (AvCryptMail.dll) уже загружена
05.08.2020 12:10:45| библиотека Ё÷ѕ Avest (AvCryptMail.dll) уже загружена
05.08.2020 16:06:42| библиотека Ё÷ѕ Avest (AvCryptMail.dll) уже загружена
06.08.2020 14:16:17| библиотека Ё÷ѕ Avest (AvCryptMail.dll) уже загружена
06.08.2020 14:38:09| библиотека Ё÷ѕ Avest (AvCryptMail.dll) уже загружена
06.08.2020 14:53:03| библиотека Ё÷ѕ Avest (AvCryptMail.dll) уже загружена
06.08.2020 15:16:25| библиотека Ё÷ѕ Avest (AvCryptMail.dll) уже загружена
10.08.2020 16:26:29| библиотека Ё÷ѕ Avest (AvCryptMail.dll) уже загружена
10.08.2020 16:30:55| библиотека Ё÷ѕ Avest (AvCryptMail.dll) уже загружена
13.08.2020 16:36:59| библиотека Ё÷ѕ Avest (AvCryptMail.dll) уже загружена
13.08.2020 17:54:50| библиотека Ё÷ѕ Avest (AvCryptMail.dll) уже загружена
13.08.2020 17:58:27| [SPR_SMDO]:—правочник организаций успешно загружен , јктуальна€ дата: 12.08.2020, ѕоследнее изменение: 10.08.2020
13.08.2020 18:01:59| библиотека Ё÷ѕ Avest (AvCryptMail.dll) уже загружена
13.08.2020 18:04:52| библиотека Ё÷ѕ Avest (AvCryptMail.dll) уже загружена
14.08.2020 18:11:27| библиотека Ё÷ѕ Avest (AvCryptMail.dll) уже загружена
14.08.2020 18:22:42| библиотека Ё÷ѕ Avest (AvCryptMail.dll) уже загружена
17.08.2020 10:50:00| библиотека Ё÷ѕ Avest (AvCryptMail.dll) уже загружена
17.08.2020 11:00:24| библиотека Ё÷ѕ Avest (AvCryptMail.dll) уже загружена
17.08.2020 16:58:30| библиотека Ё÷ѕ Avest (AvCryptMail.dll) уже загружена
19.08.2020 17:46:37| библиотека Ё÷ѕ Avest (AvCryptMail.dll) уже загружена
19.08.2020 17:50:06| библиотека Ё÷ѕ Avest (AvCryptMail.dll) уже загружена
19.08.2020 17:51:49| библиотека Ё÷ѕ Avest (AvCryptMail.dll) уже загружена
19.08.2020 17:53:34| [SPR_SMDO]:—правочник организаций успешно загружен , јктуальна€ дата: 19.08.2020, ѕоследнее изменение: 17.08.2020
19.08.2020 17:57:53| библиотека Ё÷ѕ Avest (AvCryptMail.dll) уже загружена
19.08.2020 18:00:26| библиотека Ё÷ѕ Avest (AvCryptMail.dll) уже загружена
19.08.2020 18:03:24| библиотека Ё÷ѕ Avest (AvCryptMail.dll) уже загружена
19.08.2020 18:11:41| библиотека Ё÷ѕ Avest (AvCryptMail.dll) уже загружена
19.08.2020 18:28:14| библиотека Ё÷ѕ Avest (AvCryptMail.dll) уже загружена
19.08.2020 18:29:38| библиотека Ё÷ѕ Avest (AvCryptMail.dll) уже загружена
19.08.2020 18:33:29| библиотека Ё÷ѕ Avest (AvCryptMail.dll) уже загружена
19.08.2020 18:36:10| библиотека Ё÷ѕ Avest (AvCryptMail.dll) уже загружена
20.08.2020 10:20:51| библиотека Ё÷ѕ Avest (AvCryptMail.dll) уже загружена
20.08.2020 10:25:13| библиотека Ё÷ѕ Avest (AvCryptMail.dll) уже загружена
20.08.2020 10:26:29| библиотека Ё÷ѕ Avest (AvCryptMail.dll) уже загружена
20.08.2020 17:26:46| библиотека Ё÷ѕ Avest (AvCryptMail.dll) уже загружена
20.08.2020 17:58:19| библиотека Ё÷ѕ Avest (AvCryptMail.dll) уже загружена
20.08.2020 18:00:41| библиотека Ё÷ѕ Avest (AvCryptMail.dll) уже загружена
20.08.2020 18:15:04| библиотека Ё÷ѕ Avest (AvCryptMail.dll) уже загружена
20.08.2020 18:21:21| библиотека Ё÷ѕ Avest (AvCryptMail.dll) уже загружена
21.08.2020 16:06:11| библиотека Ё÷ѕ Avest (AvCryptMail.dll) уже загружена
21.08.2020 16:08:12| библиотека Ё÷ѕ Avest (AvCryptMail.dll) уже загружена
21.08.2020 16:10:28| библиотека Ё÷ѕ Avest (AvCryptMail.dll) уже загружена
21.08.2020 17:41:36| библиотека Ё÷ѕ Avest (AvCryptMail.dll) уже загружена
21.08.2020 17:43:18| библиотека Ё÷ѕ Avest (AvCryptMail.dll) уже загружена
21.08.2020 17:47:31| библиотека Ё÷ѕ Avest (AvCryptMail.dll) уже загружена
21.08.2020 17:52:10| библиотека Ё÷ѕ Avest (AvCryptMail.dll) уже загружена
24.08.2020 10:24:15| библиотека Ё÷ѕ Avest (AvCryptMail.dll) уже загружена
24.08.2020 15:33:24| библиотека Ё÷ѕ Avest (AvCryptMail.dll) уже загружена
24.08.2020 15:35:21| библиотека Ё÷ѕ Avest (AvCryptMail.dll) уже загружена
24.08.2020 15:44:49| библиотека Ё÷ѕ Avest (AvCryptMail.dll) уже загружена
24.08.2020 15:48:26| библиотека Ё÷ѕ Avest (AvCryptMail.dll) уже загружена
24.08.2020 15:55:05| библиотека Ё÷ѕ Avest (AvCryptMail.dll) уже загружена
24.08.2020 15:57:21| библиотека Ё÷ѕ Avest (AvCryptMail.dll) уже загружена
24.08.2020 18:25:44| библиотека Ё÷ѕ Avest (AvCryptMail.dll) уже загружена
25.08.2020 09:48:29| библиотека Ё÷ѕ Avest (AvCryptMail.dll) уже загружена
25.08.2020 10:02:05| библиотека Ё÷ѕ Avest (AvCryptMail.dll) уже загружена
25.08.2020 16:21:44| библиотека Ё÷ѕ Avest (AvCryptMail.dll) уже загружена
25.08.2020 17:16:42| библиотека Ё÷ѕ Avest (AvCryptMail.dll) уже загружена
25.08.2020 17:20:35| библиотека Ё÷ѕ Avest (AvCryptMail.dll) уже загружена
25.08.2020 18:39:05| библиотека Ё÷ѕ Avest (AvCryptMail.dll) уже загружена
25.08.2020 18:45:01| библиотека Ё÷ѕ Avest (AvCryptMail.dll) уже загружена
26.08.2020 09:43:53| библиотека Ё÷ѕ Avest (AvCryptMail.dll) уже загружена
26.08.2020 09:49:55| библиотека Ё÷ѕ Avest (AvCryptMail.dll) уже загружена
26.08.2020 11:05:08| библиотека Ё÷ѕ Avest (AvCryptMail.dll) уже загружена
27.08.2020 15:22:44| библиотека Ё÷ѕ Avest (AvCryptMail.dll) уже загружена
27.08.2020 17:31:05| библиотека Ё÷ѕ Avest (AvCryptMail.dll) уже загружена
01.09.2020 11:28:14| библиотека Ё÷ѕ Avest (AvCryptMail.dll) уже загружена
01.09.2020 11:29:09| библиотека Ё÷ѕ Avest (AvCryptMail.dll) уже загружена
02.09.2020 12:27:11| библиотека Ё÷ѕ Avest (AvCryptMail.dll) уже загружена
02.09.2020 12:32:49| [SPR_SMDO]:—правочник организаций успешно загружен , јктуальна€ дата: 01.09.2020, ѕоследнее изменение: 31.08.2020
02.09.2020 14:24:14| библиотека Ё÷ѕ Avest (AvCryptMail.dll) уже загружена
02.09.2020 14:38:33| библиотека Ё÷ѕ Avest (AvCryptMail.dll) уже загружена
03.09.2020 10:28:33| библиотека Ё÷ѕ Avest (AvCryptMail.dll) уже загружена
04.09.2020 15:48:40| библиотека Ё÷ѕ Avest (AvCryptMail.dll) уже загружена
04.09.2020 16:10:45| библиотека Ё÷ѕ Avest (AvCryptMail.dll) уже загружена
04.09.2020 17:08:08| библиотека Ё÷ѕ Avest (AvCryptMail.dll) уже загружена
04.09.2020 17:12:25| библиотека Ё÷ѕ Avest (AvCryptMail.dll) уже загружена
04.09.2020 17:25:00| библиотека Ё÷ѕ Avest (AvCryptMail.dll) уже загружена
07.09.2020 10:08:33| библиотека Ё÷ѕ Avest (AvCryptMail.dll) уже загружена
07.09.2020 10:34:23| библиотека Ё÷ѕ Avest (AvCryptMail.dll) уже загружена
07.09.2020 14:26:40| библиотека Ё÷ѕ Avest (AvCryptMail.dll) уже загружена
07.09.2020 14:32:27| библиотека Ё÷ѕ Avest (AvCryptMail.dll) уже загружена
07.09.2020 15:00:50| библиотека Ё÷ѕ Avest (AvCryptMail.dll) уже загружена
08.09.2020 09:10:39| библиотека Ё÷ѕ Avest (AvCryptMail.dll) уже загружена
08.09.2020 09:40:15| библиотека Ё÷ѕ Avest (AvCryptMail.dll) уже загружена
08.09.2020 09:55:08| библиотека Ё÷ѕ Avest (AvCryptMail.dll) уже загружена
08.09.2020 12:15:52| библиотека Ё÷ѕ Avest (AvCryptMail.dll) уже загружена
08.09.2020 15:35:04| загрузка AvCryptMail.dll
08.09.2020 15:35:04| C:\Program Files (x86)\Avest\AvPCM_nces\AvCryptMail.dll, верси€="4.4.0.0"
08.09.2020 15:36:03| [SPR_SMDO]:—правочник организаций успешно загружен , јктуальна€ дата: 03.09.2020, ѕоследнее изменение: 02.09.2020
08.09.2020 15:37:58| библиотека Ё÷ѕ Avest (AvCryptMail.dll) уже загружена
08.09.2020 15:44:00| загрузка AvCryptMail.dll
08.09.2020 15:44:00| C:\Program Files (x86)\Avest\AvPCM_nces\AvCryptMail.dll, верси€="4.4.0.0"
08.09.2020 15:50:00| загрузка AvCryptMail.dll
08.09.2020 15:50:00| C:\Program Files (x86)\Avest\AvPCM_nces\AvCryptMail.dll, верси€="4.4.0.0"
08.09.2020 15:52:37| загрузка AvCryptMail.dll
08.09.2020 15:52:37| C:\Program Files (x86)\Avest\AvPCM_nces\AvCryptMail.dll, верси€="4.4.0.0"
09.09.2020 09:13:02| загрузка AvCryptMail.dll
09.09.2020 09:13:02| C:\Program Files (x86)\Avest\AvPCM_nces\AvCryptMail.dll, верси€="4.4.0.0"
09.09.2020 09:43:26| загрузка AvCryptMail.dll
09.09.2020 09:43:26| C:\Program Files (x86)\Avest\AvPCM_nces\AvCryptMail.dll, верси€="4.4.0.0"
09.09.2020 09:50:08| загрузка AvCryptMail.dll
09.09.2020 09:50:08| C:\Program Files (x86)\Avest\AvPCM_nces\AvCryptMail.dll, верси€="4.4.0.0"
09.09.2020 09:51:54| библиотека Ё÷ѕ Avest (AvCryptMail.dll) уже загружена
09.09.2020 10:40:17| загрузка AvCryptMail.dll
09.09.2020 10:40:17| C:\Program Files (x86)\Avest\AvPCM_nces\AvCryptMail.dll, верси€="4.4.0.0"
09.09.2020 11:12:20| загрузка AvCryptMail.dll
09.09.2020 11:12:20| C:\Program Files (x86)\Avest\AvPCM_nces\AvCryptMail.dll, верси€="4.4.0.0"
09.09.2020 11:15:14| загрузка AvCryptMail.dll
09.09.2020 11:15:14| C:\Program Files (x86)\Avest\AvPCM_nces\AvCryptMail.dll, верси€="4.4.0.0"
09.09.2020 11:27:04| загрузка AvCryptMail.dll
09.09.2020 11:27:04| C:\Program Files (x86)\Avest\AvPCM_nces\AvCryptMail.dll, верси€="4.4.0.0"
09.09.2020 16:25:23| библиотека Ё÷ѕ Avest (AvCryptMail.dll) уже загружена
09.09.2020 16:49:57| загрузка AvCryptMail.dll
09.09.2020 16:49:57| C:\Program Files (x86)\Avest\AvPCM_nces\AvCryptMail.dll, верси€="4.4.0.0"
09.09.2020 16:50:24| загрузка AvCryptMail.dll
09.09.2020 16:50:24| C:\Program Files (x86)\Avest\AvPCM_nces\AvCryptMail.dll, верси€="4.4.0.0"
09.09.2020 16:54:38| библиотека Ё÷ѕ Avest (AvCryptMail.dll) уже загружена
09.09.2020 16:55:25| библиотека Ё÷ѕ Avest (AvCryptMail.dll) уже загружена
10.09.2020 10:39:15| библиотека Ё÷ѕ Avest (AvCryptMail.dll) уже загружена
14.09.2020 15:42:18| библиотека Ё÷ѕ Avest (AvCryptMail.dll) уже загружена
14.09.2020 15:52:13| библиотека Ё÷ѕ Avest (AvCryptMail.dll) уже загружена
15.09.2020 17:28:22| библиотека Ё÷ѕ Avest (AvCryptMail.dll) уже загружена
22.09.2020 16:45:19| библиотека Ё÷ѕ Avest (AvCryptMail.dll) уже загружена
22.09.2020 16:46:32| [SPR_SMDO]:—правочник организаций успешно загружен , јктуальна€ дата: 21.09.2020, ѕоследнее изменение: 18.09.2020
22.09.2020 17:01:34| библиотека Ё÷ѕ Avest (AvCryptMail.dll) уже загружена
22.09.2020 17:28:06| библиотека Ё÷ѕ Avest (AvCryptMail.dll) уже загружена
22.09.2020 17:32:15| библиотека Ё÷ѕ Avest (AvCryptMail.dll) уже загружена
22.09.2020 17:49:27| библиотека Ё÷ѕ Avest (AvCryptMail.dll) уже загружена
22.09.2020 18:06:20| библиотека Ё÷ѕ Avest (AvCryptMail.dll) уже загружена
22.09.2020 18:07:43| библиотека Ё÷ѕ Avest (AvCryptMail.dll) уже загружена
22.09.2020 18:10:08| библиотека Ё÷ѕ Avest (AvCryptMail.dll) уже загружена
22.09.2020 18:11:03| библиотека Ё÷ѕ Avest (AvCryptMail.dll) уже загружена
22.09.2020 18:11:57| библиотека Ё÷ѕ Avest (AvCryptMail.dll) уже загружена
22.09.2020 18:18:54| библиотека Ё÷ѕ Avest (AvCryptMail.dll) уже загружена
23.09.2020 10:13:43| библиотека Ё÷ѕ Avest (AvCryptMail.dll) уже загружена
24.09.2020 15:10:17| библиотека Ё÷ѕ Avest (AvCryptMail.dll) уже загружена
25.09.2020 10:37:11| библиотека Ё÷ѕ Avest (AvCryptMail.dll) уже загружена
25.09.2020 10:43:55| библиотека Ё÷ѕ Avest (AvCryptMail.dll) уже загружена
25.09.2020 11:24:20| загрузка AvCryptMail.dll
25.09.2020 11:24:20| C:\Program Files (x86)\Avest\AvPCM_nces\AvCryptMail.dll, верси€="4.4.0.0"
25.09.2020 11:28:59| загрузка AvCryptMail.dll
25.09.2020 11:28:59| C:\Program Files (x86)\Avest\AvPCM_nces\AvCryptMail.dll, верси€="4.4.0.0"
25.09.2020 11:29:29| загрузка AvCryptMail.dll
25.09.2020 11:29:29| C:\Program Files (x86)\Avest\AvPCM_nces\AvCryptMail.dll, верси€="4.4.0.0"
25.09.2020 12:00:12| загрузка AvCryptMail.dll
25.09.2020 12:00:12| C:\Program Files (x86)\Avest\AvPCM_nces\AvCryptMail.dll, верси€="4.4.0.0"
25.09.2020 12:00:40| библиотека Ё÷ѕ Avest (AvCryptMail.dll) уже загружена
25.09.2020 12:02:33| загрузка AvCryptMail.dll
25.09.2020 12:02:33| C:\Program Files (x86)\Avest\AvPCM_nces\AvCryptMail.dll, верси€="4.4.0.0"
25.09.2020 12:04:31| загрузка AvCryptMail.dll
25.09.2020 12:04:31| C:\Program Files (x86)\Avest\AvPCM_nces\AvCryptMail.dll, верси€="4.4.0.0"
25.09.2020 15:26:33| загрузка AvCryptMail.dll
25.09.2020 15:26:33| C:\Program Files (x86)\Avest\AvPCM_nces\AvCryptMail.dll, верси€="4.4.0.0"
25.09.2020 17:14:32| загрузка AvCryptMail.dll
25.09.2020 17:14:32| C:\Program Files (x86)\Avest\AvPCM_nces\AvCryptMail.dll, верси€="4.4.0.0"
25.09.2020 17:17:47| загрузка AvCryptMail.dll
25.09.2020 17:17:47| C:\Program Files (x86)\Avest\AvPCM_nces\AvCryptMail.dll, верси€="4.4.0.0"
25.09.2020 17:21:25| загрузка AvCryptMail.dll
25.09.2020 17:21:25| C:\Program Files (x86)\Avest\AvPCM_nces\AvCryptMail.dll, верси€="4.4.0.0"
28.09.2020 10:22:17| загрузка AvCryptMail.dll
28.09.2020 10:22:17| C:\Program Files (x86)\Avest\AvPCM_nces\AvCryptMail.dll, верси€="4.4.0.0"
28.09.2020 10:24:34| загрузка AvCryptMail.dll
28.09.2020 10:24:34| C:\Program Files (x86)\Avest\AvPCM_nces\AvCryptMail.dll, верси€="4.4.0.0"
28.09.2020 10:56:03| загрузка AvCryptMail.dll
28.09.2020 10:56:03| C:\Program Files (x86)\Avest\AvPCM_nces\AvCryptMail.dll, верси€="4.4.0.0"
28.09.2020 11:35:07| загрузка AvCryptMail.dll
28.09.2020 11:35:07| C:\Program Files (x86)\Avest\AvPCM_nces\AvCryptMail.dll, верси€="4.4.0.0"
28.09.2020 11:36:21| загрузка AvCryptMail.dll
28.09.2020 11:36:21| C:\Program Files (x86)\Avest\AvPCM_nces\AvCryptMail.dll, верси€="4.4.0.0"
28.09.2020 11:39:54| загрузка AvCryptMail.dll
28.09.2020 11:39:54| C:\Program Files (x86)\Avest\AvPCM_nces\AvCryptMail.dll, верси€="4.4.0.0"
28.09.2020 12:20:42| загрузка AvCryptMail.dll
28.09.2020 12:20:42| C:\Program Files (x86)\Avest\AvPCM_nces\AvCryptMail.dll, верси€="4.4.0.0"
28.09.2020 15:55:24| загрузка AvCryptMail.dll
28.09.2020 15:55:24| C:\Program Files (x86)\Avest\AvPCM_nces\AvCryptMail.dll, верси€="4.4.0.0"
28.09.2020 18:02:47| загрузка AvCryptMail.dll
28.09.2020 18:02:47| C:\Program Files (x86)\Avest\AvPCM_nces\AvCryptMail.dll, верси€="4.4.0.0"
28.09.2020 18:19:05| загрузка AvCryptMail.dll
28.09.2020 18:19:05| C:\Program Files (x86)\Avest\AvPCM_nces\AvCryptMail.dll, верси€="4.4.0.0"
28.09.2020 18:31:32| загрузка AvCryptMail.dll
28.09.2020 18:31:32| C:\Program Files (x86)\Avest\AvPCM_nces\AvCryptMail.dll, верси€="4.4.0.0"
28.09.2020 18:36:01| загрузка AvCryptMail.dll
28.09.2020 18:36:01| C:\Program Files (x86)\Avest\AvPCM_nces\AvCryptMail.dll, верси€="4.4.0.0"
29.09.2020 10:58:17| загрузка AvCryptMail.dll
29.09.2020 10:58:17| C:\Program Files (x86)\Avest\AvPCM_nces\AvCryptMail.dll, верси€="4.4.0.0"
29.09.2020 16:14:23| загрузка AvCryptMail.dll
29.09.2020 16:14:23| C:\Program Files (x86)\Avest\AvPCM_nces\AvCryptMail.dll, верси€="4.4.0.0"
29.09.2020 16:15:10| загрузка AvCryptMail.dll
29.09.2020 16:15:10| C:\Program Files (x86)\Avest\AvPCM_nces\AvCryptMail.dll, верси€="4.4.0.0"
29.09.2020 16:18:51| загрузка AvCryptMail.dll
29.09.2020 16:18:51| C:\Program Files (x86)\Avest\AvPCM_nces\AvCryptMail.dll, верси€="4.4.0.0"
29.09.2020 16:20:58| загрузка AvCryptMail.dll
29.09.2020 16:20:58| C:\Program Files (x86)\Avest\AvPCM_nces\AvCryptMail.dll, верси€="4.4.0.0"
29.09.2020 16:35:07| загрузка AvCryptMail.dll
29.09.2020 16:35:07| C:\Program Files (x86)\Avest\AvPCM_nces\AvCryptMail.dll, верси€="4.4.0.0"
29.09.2020 16:36:49| загрузка AvCryptMail.dll
29.09.2020 16:36:49| C:\Program Files (x86)\Avest\AvPCM_nces\AvCryptMail.dll, верси€="4.4.0.0"
29.09.2020 16:59:34| загрузка AvCryptMail.dll
29.09.2020 16:59:34| C:\Program Files (x86)\Avest\AvPCM_nces\AvCryptMail.dll, верси€="4.4.0.0"
01.10.2020 10:15:15| загрузка AvCryptMail.dll
01.10.2020 10:15:15| C:\Program Files (x86)\Avest\AvPCM_nces\AvCryptMail.dll, верси€="4.4.0.0"
01.10.2020 10:16:24| [SPR_SMDO]:—правочник организаций успешно загружен , јктуальна€ дата: 30.09.2020, ѕоследнее изменение: 28.09.2020
01.10.2020 10:18:51| загрузка AvCryptMail.dll
01.10.2020 10:18:51| C:\Program Files (x86)\Avest\AvPCM_nces\AvCryptMail.dll, верси€="4.4.0.0"
01.10.2020 10:20:35| загрузка AvCryptMail.dll
01.10.2020 10:20:35| C:\Program Files (x86)\Avest\AvPCM_nces\AvCryptMail.dll, верси€="4.4.0.0"
01.10.2020 10:21:27| загрузка AvCryptMail.dll
01.10.2020 10:21:27| C:\Program Files (x86)\Avest\AvPCM_nces\AvCryptMail.dll, верси€="4.4.0.0"
06.10.2020 14:57:52| загрузка AvCryptMail.dll
06.10.2020 14:57:52| C:\Program Files (x86)\Avest\AvPCM_nces\AvCryptMail.dll, верси€="4.4.0.0"
06.10.2020 15:03:50| загрузка AvCryptMail.dll
06.10.2020 15:03:50| C:\Program Files (x86)\Avest\AvPCM_nces\AvCryptMail.dll, верси€="4.4.0.0"
06.10.2020 17:11:17| загрузка AvCryptMail.dll
06.10.2020 17:11:17| C:\Program Files (x86)\Avest\AvPCM_nces\AvCryptMail.dll, верси€="4.4.0.0"
07.10.2020 17:11:37| загрузка AvCryptMail.dll
07.10.2020 17:11:37| C:\Program Files (x86)\Avest\AvPCM_nces\AvCryptMail.dll, верси€="4.4.0.0"
07.10.2020 17:15:52| [SPR_SMDO]:—правочник организаций успешно загружен , јктуальна€ дата: 07.10.2020, ѕоследнее изменение: 05.10.2020
07.10.2020 17:25:51| загрузка AvCryptMail.dll
07.10.2020 17:25:51| C:\Program Files (x86)\Avest\AvPCM_nces\AvCryptMail.dll, верси€="4.4.0.0"
07.10.2020 17:57:08| загрузка AvCryptMail.dll
07.10.2020 17:57:08| C:\Program Files (x86)\Avest\AvPCM_nces\AvCryptMail.dll, верси€="4.4.0.0"
07.10.2020 17:59:30| загрузка AvCryptMail.dll
07.10.2020 17:59:30| C:\Program Files (x86)\Avest\AvPCM_nces\AvCryptMail.dll, верси€="4.4.0.0"
07.10.2020 18:00:21| [SPR_SMDO]:—правочник организаций успешно загружен , јктуальна€ дата: 07.10.2020, ѕоследнее изменение: 05.10.2020
08.10.2020 14:22:12| загрузка AvCryptMail.dll
08.10.2020 14:22:12| C:\Program Files (x86)\Avest\AvPCM_nces\AvCryptMail.dll, верси€="4.4.0.0"
08.10.2020 15:10:03| загрузка AvCryptMail.dll
08.10.2020 15:10:03| C:\Program Files (x86)\Avest\AvPCM_nces\AvCryptMail.dll, верси€="4.4.0.0"
12.10.2020 10:02:29| загрузка AvCryptMail.dll
12.10.2020 10:02:29| C:\Program Files (x86)\Avest\AvPCM_nces\AvCryptMail.dll, верси€="4.4.0.0"
12.10.2020 10:11:05| загрузка AvCryptMail.dll
12.10.2020 10:11:05| C:\Program Files (x86)\Avest\AvPCM_nces\AvCryptMail.dll, верси€="4.4.0.0"
12.10.2020 10:12:24| загрузка AvCryptMail.dll
12.10.2020 10:12:24| C:\Program Files (x86)\Avest\AvPCM_nces\AvCryptMail.dll, верси€="4.4.0.0"
12.10.2020 11:39:15| загрузка AvCryptMail.dll
12.10.2020 11:39:15| C:\Program Files (x86)\Avest\AvPCM_nces\AvCryptMail.dll, верси€="4.4.0.0"
12.10.2020 11:45:25| загрузка AvCryptMail.dll
12.10.2020 11:45:25| C:\Program Files (x86)\Avest\AvPCM_nces\AvCryptMail.dll, верси€="4.4.0.0"
12.10.2020 14:15:34| загрузка AvCryptMail.dll
12.10.2020 14:15:34| C:\Program Files (x86)\Avest\AvPCM_nces\AvCryptMail.dll, верси€="4.4.0.0"
12.10.2020 14:20:30| загрузка AvCryptMail.dll
12.10.2020 14:20:30| C:\Program Files (x86)\Avest\AvPCM_nces\AvCryptMail.dll, верси€="4.4.0.0"
12.10.2020 14:36:06| загрузка AvCryptMail.dll
12.10.2020 14:36:06| C:\Program Files (x86)\Avest\AvPCM_nces\AvCryptMail.dll, верси€="4.4.0.0"
12.10.2020 14:36:58| загрузка AvCryptMail.dll
12.10.2020 14:36:58| C:\Program Files (x86)\Avest\AvPCM_nces\AvCryptMail.dll, верси€="4.4.0.0"
12.10.2020 16:18:15| загрузка AvCryptMail.dll
12.10.2020 16:18:15| C:\Program Files (x86)\Avest\AvPCM_nces\AvCryptMail.dll, верси€="4.4.0.0"
12.10.2020 16:22:10| загрузка AvCryptMail.dll
12.10.2020 16:22:10| C:\Program Files (x86)\Avest\AvPCM_nces\AvCryptMail.dll, верси€="4.4.0.0"
12.10.2020 16:30:49| загрузка AvCryptMail.dll
12.10.2020 16:30:49| C:\Program Files (x86)\Avest\AvPCM_nces\AvCryptMail.dll, верси€="4.4.0.0"
12.10.2020 17:49:24| загрузка AvCryptMail.dll
12.10.2020 17:49:24| C:\Program Files (x86)\Avest\AvPCM_nces\AvCryptMail.dll, верси€="4.4.0.0"
13.10.2020 11:34:25| загрузка AvCryptMail.dll
13.10.2020 11:34:25| C:\Program Files (x86)\Avest\AvPCM_nces\AvCryptMail.dll, верси€="4.4.0.0"
13.10.2020 11:45:48| загрузка AvCryptMail.dll
13.10.2020 11:45:48| C:\Program Files (x86)\Avest\AvPCM_nces\AvCryptMail.dll, верси€="4.4.0.0"
13.10.2020 14:42:19| загрузка AvCryptMail.dll
13.10.2020 14:42:19| C:\Program Files (x86)\Avest\AvPCM_nces\AvCryptMail.dll, верси€="4.4.0.0"
13.10.2020 14:50:50| загрузка AvCryptMail.dll
13.10.2020 14:50:50| C:\Program Files (x86)\Avest\AvPCM_nces\AvCryptMail.dll, верси€="4.4.0.0"
13.10.2020 14:55:41| загрузка AvCryptMail.dll
13.10.2020 14:55:41| C:\Program Files (x86)\Avest\AvPCM_nces\AvCryptMail.dll, верси€="4.4.0.0"
14.10.2020 10:27:34| загрузка AvCryptMail.dll
14.10.2020 10:27:34| C:\Program Files (x86)\Avest\AvPCM_nces\AvCryptMail.dll, верси€="4.4.0.0"
14.10.2020 16:38:49| загрузка AvCryptMail.dll
14.10.2020 16:38:49| C:\Program Files (x86)\Avest\AvPCM_nces\AvCryptMail.dll, верси€="4.4.0.0"
14.10.2020 16:39:50| [SPR_SMDO]:—правочник организаций успешно загружен , јктуальна€ дата: 14.10.2020, ѕоследнее изменение: 12.10.2020
14.10.2020 16:42:02| загрузка AvCryptMail.dll
14.10.2020 16:42:02| C:\Program Files (x86)\Avest\AvPCM_nces\AvCryptMail.dll, верси€="4.4.0.0"
14.10.2020 16:48:14| загрузка AvCryptMail.dll
14.10.2020 16:48:14| C:\Program Files (x86)\Avest\AvPCM_nces\AvCryptMail.dll, верси€="4.4.0.0"
14.10.2020 16:52:41| загрузка AvCryptMail.dll
14.10.2020 16:52:41| C:\Program Files (x86)\Avest\AvPCM_nces\AvCryptMail.dll, верси€="4.4.0.0"
14.10.2020 17:05:51| загрузка AvCryptMail.dll
14.10.2020 17:05:51| C:\Program Files (x86)\Avest\AvPCM_nces\AvCryptMail.dll, верси€="4.4.0.0"
15.10.2020 16:14:48| загрузка AvCryptMail.dll
15.10.2020 16:14:48| C:\Program Files (x86)\Avest\AvPCM_nces\AvCryptMail.dll, верси€="4.4.0.0"
15.10.2020 18:04:22| загрузка AvCryptMail.dll
15.10.2020 18:04:22| C:\Program Files (x86)\Avest\AvPCM_nces\AvCryptMail.dll, верси€="4.4.0.0"
15.10.2020 18:21:42| загрузка AvCryptMail.dll
15.10.2020 18:21:42| C:\Program Files (x86)\Avest\AvPCM_nces\AvCryptMail.dll, верси€="4.4.0.0"
15.10.2020 18:22:50| загрузка AvCryptMail.dll
15.10.2020 18:22:50| C:\Program Files (x86)\Avest\AvPCM_nces\AvCryptMail.dll, верси€="4.4.0.0"
15.10.2020 18:26:01| загрузка AvCryptMail.dll
15.10.2020 18:26:01| C:\Program Files (x86)\Avest\AvPCM_nces\AvCryptMail.dll, верси€="4.4.0.0"
19.10.2020 14:45:04| загрузка AvCryptMail.dll
19.10.2020 14:45:04| C:\Program Files (x86)\Avest\AvPCM_nces\AvCryptMail.dll, верси€="4.4.0.0"
20.10.2020 09:44:28| загрузка AvCryptMail.dll
20.10.2020 09:44:28| C:\Program Files (x86)\Avest\AvPCM_nces\AvCryptMail.dll, верси€="4.4.0.0"
20.10.2020 09:46:00| ѕолучено сообщение (SDIP-2.1.1) : основной документ
20.10.2020 09:56:39| загрузка AvCryptMail.dll
20.10.2020 09:56:39| C:\Program Files (x86)\Avest\AvPCM_nces\AvCryptMail.dll, верси€="4.4.0.0"
20.10.2020 10:17:31| загрузка AvCryptMail.dll
20.10.2020 10:17:31| C:\Program Files (x86)\Avest\AvPCM_nces\AvCryptMail.dll, верси€="4.4.0.0"
20.10.2020 16:38:32| загрузка AvCryptMail.dll
20.10.2020 16:38:32| C:\Program Files (x86)\Avest\AvPCM_nces\AvCryptMail.dll, верси€="4.4.0.0"
20.10.2020 16:38:47| загрузка AvCryptMail.dll
20.10.2020 16:38:47| C:\Program Files (x86)\Avest\AvPCM_nces\AvCryptMail.dll, верси€="4.4.0.0"
20.10.2020 17:24:53| загрузка AvCryptMail.dll
20.10.2020 17:24:53| C:\Program Files (x86)\Avest\AvPCM_nces\AvCryptMail.dll, верси€="4.4.0.0"
20.10.2020 17:26:29| загрузка AvCryptMail.dll
20.10.2020 17:26:29| C:\Program Files (x86)\Avest\AvPCM_nces\AvCryptMail.dll, верси€="4.4.0.0"
20.10.2020 17:27:22| загрузка AvCryptMail.dll
20.10.2020 17:27:22| C:\Program Files (x86)\Avest\AvPCM_nces\AvCryptMail.dll, верси€="4.4.0.0"
20.10.2020 17:30:10| загрузка AvCryptMail.dll
20.10.2020 17:30:10| C:\Program Files (x86)\Avest\AvPCM_nces\AvCryptMail.dll, верси€="4.4.0.0"
20.10.2020 18:19:44| загрузка AvCryptMail.dll
20.10.2020 18:19:44| C:\Program Files (x86)\Avest\AvPCM_nces\AvCryptMail.dll, верси€="4.4.0.0"
20.10.2020 18:28:25| загрузка AvCryptMail.dll
20.10.2020 18:28:25| C:\Program Files (x86)\Avest\AvPCM_nces\AvCryptMail.dll, верси€="4.4.0.0"
21.10.2020 11:11:33| загрузка AvCryptMail.dll
21.10.2020 11:11:33| C:\Program Files (x86)\Avest\AvPCM_nces\AvCryptMail.dll, верси€="4.4.0.0"
21.10.2020 11:15:00| загрузка AvCryptMail.dll
21.10.2020 11:15:00| C:\Program Files (x86)\Avest\AvPCM_nces\AvCryptMail.dll, верси€="4.4.0.0"
21.10.2020 12:18:37| загрузка AvCryptMail.dll
21.10.2020 12:18:37| C:\Program Files (x86)\Avest\AvPCM_nces\AvCryptMail.dll, верси€="4.4.0.0"
21.10.2020 12:24:44| загрузка AvCryptMail.dll
21.10.2020 12:24:44| C:\Program Files (x86)\Avest\AvPCM_nces\AvCryptMail.dll, верси€="4.4.0.0"
21.10.2020 14:16:08| загрузка AvCryptMail.dll
21.10.2020 14:16:08| C:\Program Files (x86)\Avest\AvPCM_nces\AvCryptMail.dll, верси€="4.4.0.0"
21.10.2020 14:30:02| загрузка AvCryptMail.dll
21.10.2020 14:30:02| C:\Program Files (x86)\Avest\AvPCM_nces\AvCryptMail.dll, верси€="4.4.0.0"
21.10.2020 14:37:52| загрузка AvCryptMail.dll
21.10.2020 14:37:52| C:\Program Files (x86)\Avest\AvPCM_nces\AvCryptMail.dll, верси€="4.4.0.0"
21.10.2020 15:20:51| загрузка AvCryptMail.dll
21.10.2020 15:20:51| C:\Program Files (x86)\Avest\AvPCM_nces\AvCryptMail.dll, верси€="4.4.0.0"
21.10.2020 15:21:56| загрузка AvCryptMail.dll
21.10.2020 15:21:56| C:\Program Files (x86)\Avest\AvPCM_nces\AvCryptMail.dll, верси€="4.4.0.0"
21.10.2020 15:23:19| загрузка AvCryptMail.dll
21.10.2020 15:23:19| C:\Program Files (x86)\Avest\AvPCM_nces\AvCryptMail.dll, верси€="4.4.0.0"
21.10.2020 15:26:34| загрузка AvCryptMail.dll
21.10.2020 15:26:34| C:\Program Files (x86)\Avest\AvPCM_nces\AvCryptMail.dll, верси€="4.4.0.0"
21.10.2020 16:34:45| загрузка AvCryptMail.dll
21.10.2020 16:34:45| C:\Program Files (x86)\Avest\AvPCM_nces\AvCryptMail.dll, верси€="4.4.0.0"
21.10.2020 16:36:02| загрузка AvCryptMail.dll
21.10.2020 16:36:02| C:\Program Files (x86)\Avest\AvPCM_nces\AvCryptMail.dll, верси€="4.4.0.0"
21.10.2020 16:38:56| загрузка AvCryptMail.dll
21.10.2020 16:38:56| C:\Program Files (x86)\Avest\AvPCM_nces\AvCryptMail.dll, верси€="4.4.0.0"
21.10.2020 18:06:09| загрузка AvCryptMail.dll
21.10.2020 18:06:09| C:\Program Files (x86)\Avest\AvPCM_nces\AvCryptMail.dll, верси€="4.4.0.0"
21.10.2020 18:16:12| загрузка AvCryptMail.dll
21.10.2020 18:16:12| C:\Program Files (x86)\Avest\AvPCM_nces\AvCryptMail.dll, верси€="4.4.0.0"
21.10.2020 18:17:55| загрузка AvCryptMail.dll
21.10.2020 18:17:55| C:\Program Files (x86)\Avest\AvPCM_nces\AvCryptMail.dll, верси€="4.4.0.0"
22.10.2020 10:43:51| загрузка AvCryptMail.dll
22.10.2020 10:43:51| C:\Program Files (x86)\Avest\AvPCM_nces\AvCryptMail.dll, верси€="4.4.0.0"
22.10.2020 10:44:46| [SPR_SMDO]:—правочник организаций успешно загружен , јктуальна€ дата: 22.10.2020, ѕоследнее изменение: 21.10.2020
22.10.2020 11:51:06| загрузка AvCryptMail.dll
22.10.2020 11:51:06| C:\Program Files (x86)\Avest\AvPCM_nces\AvCryptMail.dll, верси€="4.4.0.0"
22.10.2020 15:19:37| загрузка AvCryptMail.dll
22.10.2020 15:19:37| C:\Program Files (x86)\Avest\AvPCM_nces\AvCryptMail.dll, верси€="4.4.0.0"
22.10.2020 15:48:11| загрузка AvCryptMail.dll
22.10.2020 15:48:11| C:\Program Files (x86)\Avest\AvPCM_nces\AvCryptMail.dll, верси€="4.4.0.0"
22.10.2020 15:50:25| загрузка AvCryptMail.dll
22.10.2020 15:50:25| C:\Program Files (x86)\Avest\AvPCM_nces\AvCryptMail.dll, верси€="4.4.0.0"
22.10.2020 16:05:24| загрузка AvCryptMail.dll
22.10.2020 16:05:24| C:\Program Files (x86)\Avest\AvPCM_nces\AvCryptMail.dll, верси€="4.4.0.0"
23.10.2020 13:44:07| загрузка AvCryptMail.dll
23.10.2020 13:44:07| C:\Program Files (x86)\Avest\AvPCM_nces\AvCryptMail.dll, верси€="4.4.0.0"
23.10.2020 14:37:48| загрузка AvCryptMail.dll
23.10.2020 14:37:48| C:\Program Files (x86)\Avest\AvPCM_nces\AvCryptMail.dll, верси€="4.4.0.0"
23.10.2020 14:38:17| загрузка AvCryptMail.dll
23.10.2020 14:38:17| C:\Program Files (x86)\Avest\AvPCM_nces\AvCryptMail.dll, верси€="4.4.0.0"
23.10.2020 14:39:41| загрузка AvCryptMail.dll
23.10.2020 14:39:41| C:\Program Files (x86)\Avest\AvPCM_nces\AvCryptMail.dll, верси€="4.4.0.0"
23.10.2020 14:41:18| загрузка AvCryptMail.dll
23.10.2020 14:41:18| C:\Program Files (x86)\Avest\AvPCM_nces\AvCryptMail.dll, верси€="4.4.0.0"
23.10.2020 14:43:29| загрузка AvCryptMail.dll
23.10.2020 14:43:29| C:\Program Files (x86)\Avest\AvPCM_nces\AvCryptMail.dll, верси€="4.4.0.0"
23.10.2020 14:46:22| загрузка AvCryptMail.dll
23.10.2020 14:46:22| C:\Program Files (x86)\Avest\AvPCM_nces\AvCryptMail.dll, верси€="4.4.0.0"
23.10.2020 16:52:14| загрузка AvCryptMail.dll
23.10.2020 16:52:14| C:\Program Files (x86)\Avest\AvPCM_nces\AvCryptMail.dll, верси€="4.4.0.0"
